<?xml version="1.0" encoding="UTF-8"?>
<!-- Generated by org.testng.reporters.JUnitReportReporter -->
<testsuite hostname="LTIN508068" failures="0" tests="28" name="testScenario.TestCases" time="213.600" errors="0" timestamp="2024-04-02T12:31:17 IST" skipped="0">
  <testcase classname="testScenario.TestCases" name="clickOnAccInfo" time="15.224"/>
  <testcase classname="testScenario.TestCases" name="clickOnAccInfo" time="11.028"/>
  <testcase classname="testScenario.TestCases" name="getName" time="1.039"/>
  <testcase classname="testScenario.TestCases" name="getName" time="1.042"/>
  <testcase classname="testScenario.TestCases" name="getEmailId" time="1.033"/>
  <testcase classname="testScenario.TestCases" name="getEmailId" time="1.040"/>
  <testcase classname="testScenario.TestCases" name="ClickOnCompany" time="1.162"/>
  <testcase classname="testScenario.TestCases" name="ClickOnCompany" time="1.093"/>
  <testcase classname="testScenario.TestCases" name="clickOnAcronym" time="1.121"/>
  <testcase classname="testScenario.TestCases" name="clickOnAcronym" time="1.125"/>
  <testcase classname="testScenario.TestCases" name="acronymTooltip" time="1.044"/>
  <testcase classname="testScenario.TestCases" name="acronymTooltip" time="1.051"/>
  <testcase classname="testScenario.TestCases" name="isAcronymDisp" time="0.039"/>
  <testcase classname="testScenario.TestCases" name="isAcronymDisp" time="0.035"/>
  <testcase classname="testScenario.TestCases" name="rowCount" time="0.037"/>
  <testcase classname="testScenario.TestCases" name="rowCount" time="0.035"/>
  <testcase classname="testScenario.TestCases" name="acronymDataPrint" time="36.106"/>
  <testcase classname="testScenario.TestCases" name="acronymDataPrint" time="40.069"/>
  <testcase classname="testScenario.TestCases" name="ClickOnBeCogni" time="2.132"/>
  <testcase classname="testScenario.TestCases" name="ClickOnBeCogni" time="2.100"/>
  <testcase classname="testScenario.TestCases" name="ValidateCogniHomePage" time="0.008"/>
  <testcase classname="testScenario.TestCases" name="ValidateCogniHomePage" time="0.008"/>
  <testcase classname="testScenario.TestCases" name="scrollToBottom" time="2.047"/>
  <testcase classname="testScenario.TestCases" name="scrollToBottom" time="2.022"/>
  <testcase classname="testScenario.TestCases" name="getStockPriceUSD" time="2.208"/>
  <testcase classname="testScenario.TestCases" name="getStockPriceUSD" time="2.307"/>
  <testcase classname="testScenario.TestCases" name="compareStockPrice" time="43.238"/>
  <testcase classname="testScenario.TestCases" name="compareStockPrice" time="44.207"/>
</testsuite> <!-- testScenario.TestCases -->
