<?xml version="1.0" encoding="UTF-8"?>
<!-- Generated by org.testng.reporters.JUnitReportReporter -->
<testsuite hostname="LTIN508068" failures="0" tests="28" name="testScenario.acronym" time="197.809" errors="0" timestamp="2024-04-02T10:03:02 IST" skipped="0">
  <testcase classname="testScenario.acronym" name="clickOnAccInfo" time="10.123"/>
  <testcase classname="testScenario.acronym" name="clickOnAccInfo" time="10.096"/>
  <testcase classname="testScenario.acronym" name="getName" time="2.044"/>
  <testcase classname="testScenario.acronym" name="getName" time="2.049"/>
  <testcase classname="testScenario.acronym" name="getEmailId" time="2.040"/>
  <testcase classname="testScenario.acronym" name="getEmailId" time="2.062"/>
  <testcase classname="testScenario.acronym" name="ClickOnCompany" time="2.093"/>
  <testcase classname="testScenario.acronym" name="ClickOnCompany" time="2.076"/>
  <testcase classname="testScenario.acronym" name="clickOnAcronym" time="2.103"/>
  <testcase classname="testScenario.acronym" name="clickOnAcronym" time="2.095"/>
  <testcase classname="testScenario.acronym" name="acronymTooltip" time="2.045"/>
  <testcase classname="testScenario.acronym" name="acronymTooltip" time="2.032"/>
  <testcase classname="testScenario.acronym" name="isAcronymDisp" time="0.019"/>
  <testcase classname="testScenario.acronym" name="isAcronymDisp" time="0.031"/>
  <testcase classname="testScenario.acronym" name="rowCount" time="0.038"/>
  <testcase classname="testScenario.acronym" name="rowCount" time="0.023"/>
  <testcase classname="testScenario.acronym" name="acronymDataPrint" time="33.282"/>
  <testcase classname="testScenario.acronym" name="acronymDataPrint" time="31.670"/>
  <testcase classname="testScenario.acronym" name="ClickOnBeCogni" time="2.146"/>
  <testcase classname="testScenario.acronym" name="ClickOnBeCogni" time="2.100"/>
  <testcase classname="testScenario.acronym" name="ValidateCogniHomePage" time="1.181"/>
  <testcase classname="testScenario.acronym" name="ValidateCogniHomePage" time="1.264"/>
  <testcase classname="testScenario.acronym" name="scrollToBottom" time="2.065"/>
  <testcase classname="testScenario.acronym" name="scrollToBottom" time="2.042"/>
  <testcase classname="testScenario.acronym" name="getStockPriceUSD" time="2.075"/>
  <testcase classname="testScenario.acronym" name="getStockPriceUSD" time="2.075"/>
  <testcase classname="testScenario.acronym" name="compareStockPrice" time="40.601"/>
  <testcase classname="testScenario.acronym" name="compareStockPrice" time="36.339"/>
</testsuite> <!-- testScenario.acronym -->
