<?xml version="1.0" encoding="UTF-8"?>
<!-- Generated by org.testng.reporters.JUnitReportReporter -->
<testsuite hostname="LTIN508068" failures="0" tests="28" name="testScenario.TestCases" time="208.146" errors="0" timestamp="2024-04-05T14:52:01 IST" skipped="0">
  <testcase classname="testScenario.TestCases" name="clickOnAccInfo" time="15.158"/>
  <testcase classname="testScenario.TestCases" name="clickOnAccInfo" time="15.063"/>
  <testcase classname="testScenario.TestCases" name="getName" time="1.032"/>
  <testcase classname="testScenario.TestCases" name="getName" time="1.062"/>
  <testcase classname="testScenario.TestCases" name="getEmailId" time="1.026"/>
  <testcase classname="testScenario.TestCases" name="getEmailId" time="1.024"/>
  <testcase classname="testScenario.TestCases" name="ClickOnCompany" time="1.085"/>
  <testcase classname="testScenario.TestCases" name="ClickOnCompany" time="1.106"/>
  <testcase classname="testScenario.TestCases" name="clickOnAcronym" time="1.146"/>
  <testcase classname="testScenario.TestCases" name="clickOnAcronym" time="1.087"/>
  <testcase classname="testScenario.TestCases" name="acronymTooltip" time="1.029"/>
  <testcase classname="testScenario.TestCases" name="acronymTooltip" time="1.053"/>
  <testcase classname="testScenario.TestCases" name="isAcronymDisp" time="0.025"/>
  <testcase classname="testScenario.TestCases" name="isAcronymDisp" time="0.021"/>
  <testcase classname="testScenario.TestCases" name="rowCount" time="0.023"/>
  <testcase classname="testScenario.TestCases" name="rowCount" time="0.024"/>
  <testcase classname="testScenario.TestCases" name="acronymDataPrint" time="37.354"/>
  <testcase classname="testScenario.TestCases" name="acronymDataPrint" time="36.502"/>
  <testcase classname="testScenario.TestCases" name="ClickOnBeCogni" time="2.081"/>
  <testcase classname="testScenario.TestCases" name="ClickOnBeCogni" time="2.085"/>
  <testcase classname="testScenario.TestCases" name="ValidateCogniHomePage" time="0.010"/>
  <testcase classname="testScenario.TestCases" name="ValidateCogniHomePage" time="0.016"/>
  <testcase classname="testScenario.TestCases" name="scrollToBottom" time="2.018"/>
  <testcase classname="testScenario.TestCases" name="scrollToBottom" time="2.030"/>
  <testcase classname="testScenario.TestCases" name="getStockPriceUSD" time="2.048"/>
  <testcase classname="testScenario.TestCases" name="getStockPriceUSD" time="2.044"/>
  <testcase classname="testScenario.TestCases" name="compareStockPrice" time="43.654"/>
  <testcase classname="testScenario.TestCases" name="compareStockPrice" time="37.340"/>
</testsuite> <!-- testScenario.TestCases -->
