<?xml version="1.0" encoding="UTF-8"?>
<!-- Generated by org.testng.reporters.JUnitReportReporter -->
<testsuite hostname="LTIN508068" failures="0" tests="28" name="testScenario.TestCases" time="174.207" errors="0" timestamp="2024-04-02T15:37:06 IST" skipped="0">
  <testcase classname="testScenario.TestCases" name="clickOnAccInfo" time="32.397"/>
  <testcase classname="testScenario.TestCases" name="clickOnAccInfo" time="10.159"/>
  <testcase classname="testScenario.TestCases" name="getName" time="1.030"/>
  <testcase classname="testScenario.TestCases" name="getName" time="1.036"/>
  <testcase classname="testScenario.TestCases" name="getEmailId" time="1.037"/>
  <testcase classname="testScenario.TestCases" name="getEmailId" time="1.037"/>
  <testcase classname="testScenario.TestCases" name="ClickOnCompany" time="1.074"/>
  <testcase classname="testScenario.TestCases" name="ClickOnCompany" time="1.107"/>
  <testcase classname="testScenario.TestCases" name="clickOnAcronym" time="1.102"/>
  <testcase classname="testScenario.TestCases" name="clickOnAcronym" time="1.104"/>
  <testcase classname="testScenario.TestCases" name="acronymTooltip" time="1.053"/>
  <testcase classname="testScenario.TestCases" name="acronymTooltip" time="1.030"/>
  <testcase classname="testScenario.TestCases" name="isAcronymDisp" time="0.017"/>
  <testcase classname="testScenario.TestCases" name="isAcronymDisp" time="0.017"/>
  <testcase classname="testScenario.TestCases" name="rowCount" time="0.022"/>
  <testcase classname="testScenario.TestCases" name="rowCount" time="0.017"/>
  <testcase classname="testScenario.TestCases" name="acronymDataPrint" time="25.174"/>
  <testcase classname="testScenario.TestCases" name="acronymDataPrint" time="25.517"/>
  <testcase classname="testScenario.TestCases" name="ClickOnBeCogni" time="2.076"/>
  <testcase classname="testScenario.TestCases" name="ClickOnBeCogni" time="2.081"/>
  <testcase classname="testScenario.TestCases" name="ValidateCogniHomePage" time="0.010"/>
  <testcase classname="testScenario.TestCases" name="ValidateCogniHomePage" time="0.006"/>
  <testcase classname="testScenario.TestCases" name="scrollToBottom" time="2.041"/>
  <testcase classname="testScenario.TestCases" name="scrollToBottom" time="2.022"/>
  <testcase classname="testScenario.TestCases" name="getStockPriceUSD" time="2.047"/>
  <testcase classname="testScenario.TestCases" name="getStockPriceUSD" time="2.042"/>
  <testcase classname="testScenario.TestCases" name="compareStockPrice" time="25.627"/>
  <testcase classname="testScenario.TestCases" name="compareStockPrice" time="32.325"/>
</testsuite> <!-- testScenario.TestCases -->
