<?xml version="1.0" encoding="UTF-8"?>
<!-- Generated by org.testng.reporters.JUnitReportReporter -->
<testsuite hostname="LTIN508068" failures="0" tests="28" name="testScenario.TestCases" time="189.299" errors="0" timestamp="2024-04-04T16:40:41 IST" skipped="0">
  <testcase classname="testScenario.TestCases" name="clickOnAccInfo" time="10.195"/>
  <testcase classname="testScenario.TestCases" name="clickOnAccInfo" time="10.097"/>
  <testcase classname="testScenario.TestCases" name="getName" time="1.053"/>
  <testcase classname="testScenario.TestCases" name="getName" time="1.035"/>
  <testcase classname="testScenario.TestCases" name="getEmailId" time="1.035"/>
  <testcase classname="testScenario.TestCases" name="getEmailId" time="1.064"/>
  <testcase classname="testScenario.TestCases" name="ClickOnCompany" time="1.138"/>
  <testcase classname="testScenario.TestCases" name="ClickOnCompany" time="1.101"/>
  <testcase classname="testScenario.TestCases" name="clickOnAcronym" time="1.149"/>
  <testcase classname="testScenario.TestCases" name="clickOnAcronym" time="1.099"/>
  <testcase classname="testScenario.TestCases" name="acronymTooltip" time="1.064"/>
  <testcase classname="testScenario.TestCases" name="acronymTooltip" time="1.037"/>
  <testcase classname="testScenario.TestCases" name="isAcronymDisp" time="0.019"/>
  <testcase classname="testScenario.TestCases" name="isAcronymDisp" time="0.017"/>
  <testcase classname="testScenario.TestCases" name="rowCount" time="0.027"/>
  <testcase classname="testScenario.TestCases" name="rowCount" time="0.030"/>
  <testcase classname="testScenario.TestCases" name="acronymDataPrint" time="35.992"/>
  <testcase classname="testScenario.TestCases" name="acronymDataPrint" time="35.184"/>
  <testcase classname="testScenario.TestCases" name="ClickOnBeCogni" time="2.115"/>
  <testcase classname="testScenario.TestCases" name="ClickOnBeCogni" time="2.098"/>
  <testcase classname="testScenario.TestCases" name="ValidateCogniHomePage" time="0.006"/>
  <testcase classname="testScenario.TestCases" name="ValidateCogniHomePage" time="0.028"/>
  <testcase classname="testScenario.TestCases" name="scrollToBottom" time="2.029"/>
  <testcase classname="testScenario.TestCases" name="scrollToBottom" time="2.031"/>
  <testcase classname="testScenario.TestCases" name="getStockPriceUSD" time="2.048"/>
  <testcase classname="testScenario.TestCases" name="getStockPriceUSD" time="2.047"/>
  <testcase classname="testScenario.TestCases" name="compareStockPrice" time="36.135"/>
  <testcase classname="testScenario.TestCases" name="compareStockPrice" time="38.426"/>
</testsuite> <!-- testScenario.TestCases -->
