<?xml version="1.0" encoding="UTF-8"?>
<!-- Generated by org.testng.reporters.JUnitReportReporter -->
<testsuite hostname="LTIN508068" failures="0" tests="28" name="testScenario.TestCases" time="185.564" errors="0" timestamp="2024-04-03T12:57:01 IST" skipped="0">
  <testcase classname="testScenario.TestCases" name="clickOnAccInfo" time="10.100"/>
  <testcase classname="testScenario.TestCases" name="clickOnAccInfo" time="10.201"/>
  <testcase classname="testScenario.TestCases" name="getName" time="1.034"/>
  <testcase classname="testScenario.TestCases" name="getName" time="1.040"/>
  <testcase classname="testScenario.TestCases" name="getEmailId" time="1.035"/>
  <testcase classname="testScenario.TestCases" name="getEmailId" time="1.042"/>
  <testcase classname="testScenario.TestCases" name="ClickOnCompany" time="1.127"/>
  <testcase classname="testScenario.TestCases" name="ClickOnCompany" time="1.095"/>
  <testcase classname="testScenario.TestCases" name="clickOnAcronym" time="1.127"/>
  <testcase classname="testScenario.TestCases" name="clickOnAcronym" time="1.125"/>
  <testcase classname="testScenario.TestCases" name="acronymTooltip" time="1.055"/>
  <testcase classname="testScenario.TestCases" name="acronymTooltip" time="1.034"/>
  <testcase classname="testScenario.TestCases" name="isAcronymDisp" time="0.016"/>
  <testcase classname="testScenario.TestCases" name="isAcronymDisp" time="0.015"/>
  <testcase classname="testScenario.TestCases" name="rowCount" time="0.024"/>
  <testcase classname="testScenario.TestCases" name="rowCount" time="0.022"/>
  <testcase classname="testScenario.TestCases" name="acronymDataPrint" time="35.701"/>
  <testcase classname="testScenario.TestCases" name="acronymDataPrint" time="33.638"/>
  <testcase classname="testScenario.TestCases" name="ClickOnBeCogni" time="2.115"/>
  <testcase classname="testScenario.TestCases" name="ClickOnBeCogni" time="2.101"/>
  <testcase classname="testScenario.TestCases" name="ValidateCogniHomePage" time="0.009"/>
  <testcase classname="testScenario.TestCases" name="ValidateCogniHomePage" time="0.010"/>
  <testcase classname="testScenario.TestCases" name="scrollToBottom" time="2.039"/>
  <testcase classname="testScenario.TestCases" name="scrollToBottom" time="2.035"/>
  <testcase classname="testScenario.TestCases" name="getStockPriceUSD" time="2.212"/>
  <testcase classname="testScenario.TestCases" name="getStockPriceUSD" time="2.292"/>
  <testcase classname="testScenario.TestCases" name="compareStockPrice" time="35.254"/>
  <testcase classname="testScenario.TestCases" name="compareStockPrice" time="37.066"/>
</testsuite> <!-- testScenario.TestCases -->
