<?xml version="1.0" encoding="UTF-8"?>
<!-- Generated by org.testng.reporters.JUnitReportReporter -->
<testsuite hostname="LTIN508068" failures="0" tests="26" name="testScenario.acronym" time="118.881" errors="0" timestamp="2024-04-01T19:42:52 IST" skipped="0">
  <testcase classname="testScenario.acronym" name="clickOnAccInfo" time="10.127"/>
  <testcase classname="testScenario.acronym" name="clickOnAccInfo" time="10.146"/>
  <testcase classname="testScenario.acronym" name="getName" time="2.032"/>
  <testcase classname="testScenario.acronym" name="getName" time="2.052"/>
  <testcase classname="testScenario.acronym" name="getEmailId" time="2.065"/>
  <testcase classname="testScenario.acronym" name="getEmailId" time="2.065"/>
  <testcase classname="testScenario.acronym" name="ClickOnCompany" time="2.136"/>
  <testcase classname="testScenario.acronym" name="ClickOnCompany" time="2.089"/>
  <testcase classname="testScenario.acronym" name="clickOnAcronym" time="2.130"/>
  <testcase classname="testScenario.acronym" name="clickOnAcronym" time="2.119"/>
  <testcase classname="testScenario.acronym" name="acronymTooltip" time="2.044"/>
  <testcase classname="testScenario.acronym" name="acronymTooltip" time="2.037"/>
  <testcase classname="testScenario.acronym" name="isAcronymDisp" time="0.025"/>
  <testcase classname="testScenario.acronym" name="isAcronymDisp" time="0.020"/>
  <testcase classname="testScenario.acronym" name="rowCount" time="0.032"/>
  <testcase classname="testScenario.acronym" name="rowCount" time="0.029"/>
  <testcase classname="testScenario.acronym" name="acronymDataPrint" time="30.644"/>
  <testcase classname="testScenario.acronym" name="acronymDataPrint" time="34.244"/>
  <testcase classname="testScenario.acronym" name="ClickOnBeCogni" time="2.108"/>
  <testcase classname="testScenario.acronym" name="ClickOnBeCogni" time="2.184"/>
  <testcase classname="testScenario.acronym" name="ValidateCogniHomePage" time="0.157"/>
  <testcase classname="testScenario.acronym" name="ValidateCogniHomePage" time="0.186"/>
  <testcase classname="testScenario.acronym" name="scrollToBottom" time="2.037"/>
  <testcase classname="testScenario.acronym" name="scrollToBottom" time="2.048"/>
  <testcase classname="testScenario.acronym" name="getStockPriceUSD" time="2.068"/>
  <testcase classname="testScenario.acronym" name="getStockPriceUSD" time="2.057"/>
</testsuite> <!-- testScenario.acronym -->
