<?xml version="1.0" encoding="UTF-8"?>
<!-- Generated by org.testng.reporters.JUnitReportReporter -->
<testsuite hostname="LTIN508068" failures="0" tests="28" name="testScenario.TestCases" time="167.515" errors="0" timestamp="2024-04-02T19:16:46 IST" skipped="0">
  <testcase classname="testScenario.TestCases" name="clickOnAccInfo" time="10.114"/>
  <testcase classname="testScenario.TestCases" name="clickOnAccInfo" time="10.082"/>
  <testcase classname="testScenario.TestCases" name="getName" time="1.039"/>
  <testcase classname="testScenario.TestCases" name="getName" time="1.040"/>
  <testcase classname="testScenario.TestCases" name="getEmailId" time="1.034"/>
  <testcase classname="testScenario.TestCases" name="getEmailId" time="1.036"/>
  <testcase classname="testScenario.TestCases" name="ClickOnCompany" time="1.078"/>
  <testcase classname="testScenario.TestCases" name="ClickOnCompany" time="1.058"/>
  <testcase classname="testScenario.TestCases" name="clickOnAcronym" time="1.129"/>
  <testcase classname="testScenario.TestCases" name="clickOnAcronym" time="1.100"/>
  <testcase classname="testScenario.TestCases" name="acronymTooltip" time="1.024"/>
  <testcase classname="testScenario.TestCases" name="acronymTooltip" time="1.051"/>
  <testcase classname="testScenario.TestCases" name="isAcronymDisp" time="0.019"/>
  <testcase classname="testScenario.TestCases" name="isAcronymDisp" time="0.020"/>
  <testcase classname="testScenario.TestCases" name="rowCount" time="0.017"/>
  <testcase classname="testScenario.TestCases" name="rowCount" time="0.025"/>
  <testcase classname="testScenario.TestCases" name="acronymDataPrint" time="29.512"/>
  <testcase classname="testScenario.TestCases" name="acronymDataPrint" time="25.796"/>
  <testcase classname="testScenario.TestCases" name="ClickOnBeCogni" time="2.084"/>
  <testcase classname="testScenario.TestCases" name="ClickOnBeCogni" time="2.084"/>
  <testcase classname="testScenario.TestCases" name="ValidateCogniHomePage" time="0.004"/>
  <testcase classname="testScenario.TestCases" name="ValidateCogniHomePage" time="0.007"/>
  <testcase classname="testScenario.TestCases" name="scrollToBottom" time="2.041"/>
  <testcase classname="testScenario.TestCases" name="scrollToBottom" time="2.047"/>
  <testcase classname="testScenario.TestCases" name="getStockPriceUSD" time="2.057"/>
  <testcase classname="testScenario.TestCases" name="getStockPriceUSD" time="2.049"/>
  <testcase classname="testScenario.TestCases" name="compareStockPrice" time="33.296"/>
  <testcase classname="testScenario.TestCases" name="compareStockPrice" time="35.672"/>
</testsuite> <!-- testScenario.TestCases -->
