<?xml version="1.0" encoding="UTF-8"?>
<!-- Generated by org.testng.reporters.JUnitReportReporter -->
<testsuite hostname="LTIN508068" failures="0" tests="28" name="testScenario.TestCases" time="197.242" errors="0" timestamp="2024-04-03T20:37:47 IST" skipped="0">
  <testcase classname="testScenario.TestCases" name="clickOnAccInfo" time="10.110"/>
  <testcase classname="testScenario.TestCases" name="clickOnAccInfo" time="10.134"/>
  <testcase classname="testScenario.TestCases" name="getName" time="1.056"/>
  <testcase classname="testScenario.TestCases" name="getName" time="1.044"/>
  <testcase classname="testScenario.TestCases" name="getEmailId" time="1.036"/>
  <testcase classname="testScenario.TestCases" name="getEmailId" time="1.038"/>
  <testcase classname="testScenario.TestCases" name="ClickOnCompany" time="1.088"/>
  <testcase classname="testScenario.TestCases" name="ClickOnCompany" time="1.115"/>
  <testcase classname="testScenario.TestCases" name="clickOnAcronym" time="1.117"/>
  <testcase classname="testScenario.TestCases" name="clickOnAcronym" time="1.092"/>
  <testcase classname="testScenario.TestCases" name="acronymTooltip" time="1.025"/>
  <testcase classname="testScenario.TestCases" name="acronymTooltip" time="1.034"/>
  <testcase classname="testScenario.TestCases" name="isAcronymDisp" time="0.028"/>
  <testcase classname="testScenario.TestCases" name="isAcronymDisp" time="0.016"/>
  <testcase classname="testScenario.TestCases" name="rowCount" time="0.031"/>
  <testcase classname="testScenario.TestCases" name="rowCount" time="0.020"/>
  <testcase classname="testScenario.TestCases" name="acronymDataPrint" time="34.060"/>
  <testcase classname="testScenario.TestCases" name="acronymDataPrint" time="37.852"/>
  <testcase classname="testScenario.TestCases" name="ClickOnBeCogni" time="2.066"/>
  <testcase classname="testScenario.TestCases" name="ClickOnBeCogni" time="2.124"/>
  <testcase classname="testScenario.TestCases" name="ValidateCogniHomePage" time="0.005"/>
  <testcase classname="testScenario.TestCases" name="ValidateCogniHomePage" time="0.009"/>
  <testcase classname="testScenario.TestCases" name="scrollToBottom" time="2.028"/>
  <testcase classname="testScenario.TestCases" name="scrollToBottom" time="2.046"/>
  <testcase classname="testScenario.TestCases" name="getStockPriceUSD" time="2.290"/>
  <testcase classname="testScenario.TestCases" name="getStockPriceUSD" time="2.043"/>
  <testcase classname="testScenario.TestCases" name="compareStockPrice" time="41.450"/>
  <testcase classname="testScenario.TestCases" name="compareStockPrice" time="40.285"/>
</testsuite> <!-- testScenario.TestCases -->
